<?xml version="1.0" encoding="UTF-8"?>
<!-- Generated by org.testng.reporters.JUnitXMLReporter -->
<testsuite hostname="Rahul07" ignored="0" name="HelpPage" tests="5" failures="0" timestamp="19 Jun 2018 10:30:19 GMT" time="45.752" errors="0">
  <testcase name="Help" time="17.234" classname="com.MUK.TestClass.HelpPageClass"/>
  <testcase name="TitleOfPage_Verification" time="0.012" classname="com.MUK.TestClass.HelpPageClass"/>
  <testcase name="TitleOfTicketSales" time="2.057" classname="com.MUK.TestClass.HelpPageClass"/>
  <testcase name="Total_numberOfPhoneNumber" time="0.18" classname="com.MUK.TestClass.HelpPageClass"/>
  <testcase name="Total_numberOf_Title_OfPhoneNumber" time="0.186" classname="com.MUK.TestClass.HelpPageClass"/>
</testsuite> <!-- HelpPage -->
