<?xml version="1.0" encoding="UTF-8"?>
<!-- Generated by org.testng.reporters.JUnitXMLReporter -->
<testsuite hostname="Rahul07" ignored="0" name="Fixture" tests="3" failures="0" timestamp="19 Jun 2018 16:06:16 GMT" time="54.942" errors="0">
  <testcase name="FixtureLink" time="13.936" classname="com.MUK.TestClass.FixturesPageClass"/>
  <testcase name="CalenderForm" time="12.329" classname="com.MUK.TestClass.FixturesPageClass"/>
  <testcase name="Verification_Google_Calender_title" time="5.034" classname="com.MUK.TestClass.FixturesPageClass"/>
</testsuite> <!-- Fixture -->
