<?xml version="1.0" encoding="UTF-8"?>
<!-- Generated by org.testng.reporters.JUnitXMLReporter -->
<testsuite hostname="DS-2111AA680738" ignored="0" name="Dropdown Language validation" tests="4" failures="0" timestamp="24 Aug 2018 14:27:24 GMT" time="147.245" errors="0">
  <testcase name="HovringToLanguage" time="9.93" classname="com.ManChesterUnitedKingdom.TestClass.LanguageDropdownHomePageClass"/>
  <testcase name="Language_Collection" time="0.766" classname="com.ManChesterUnitedKingdom.TestClass.LanguageDropdownHomePageClass"/>
  <testcase name="ClickingOnESPAÑOL" time="27.044" classname="com.ManChesterUnitedKingdom.TestClass.LanguageDropdownHomePageClass"/>
  <testcase name="SkippingDemoMethod" time="0.002" classname="com.ManChesterUnitedKingdom.TestClass.LanguageDropdownHomePageClass">
    <skipped/>
  </testcase> <!-- SkippingDemoMethod -->
</testsuite> <!-- Dropdown Language validation -->
