<?xml version="1.0" encoding="UTF-8"?>
<!-- Generated by org.testng.reporters.JUnitXMLReporter -->
<testsuite hostname="DS-2111AA680738" ignored="0" name="Login And ForgetPassword Test" tests="3" failures="0" timestamp="24 Aug 2018 16:38:29 GMT" time="261.836" errors="0">
  <testcase name="Login" time="21.552" classname="com.ManChesterUnitedKingdom.TestClass.LoginAndForgetPasswordClass"/>
  <testcase name="LogOUt" time="45.34" classname="com.ManChesterUnitedKingdom.TestClass.LoginAndForgetPasswordClass"/>
  <testcase name="ForgetPassword" time="115.614" classname="com.ManChesterUnitedKingdom.TestClass.LoginAndForgetPasswordClass"/>
</testsuite> <!-- Login And ForgetPassword Test -->
