<?xml version="1.0" encoding="UTF-8"?>
<testng-results skipped="0" failed="0" ignored="0" total="2" passed="2">
  <reporter-output>
  </reporter-output>
  <suite name="Suite" duration-ms="82786" started-at="2018-08-25T16:49:42Z" finished-at="2018-08-25T16:51:05Z">
    <groups>
    </groups>
    <test name="Test" duration-ms="82786" started-at="2018-08-25T16:49:42Z" finished-at="2018-08-25T16:51:05Z">
      <class name="com.ManChesterUnitedKingdom.TestClass.StorePageClass">
        <test-method status="PASS" signature="SettingUpExtentReports()[pri:0, instance:com.ManChesterUnitedKingdom.TestClass.StorePageClass@1060b431]" name="SettingUpExtentReports" is-config="true" duration-ms="966" started-at="2018-08-25T16:49:41Z" finished-at="2018-08-25T16:49:42Z">
          <reporter-output>
          </reporter-output>
        </test-method> <!-- SettingUpExtentReports -->
        <test-method status="PASS" signature="InvokeBroswer(java.lang.String)[pri:0, instance:com.ManChesterUnitedKingdom.TestClass.StorePageClass@1060b431]" name="InvokeBroswer" is-config="true" duration-ms="55344" started-at="2018-08-25T16:49:42Z" finished-at="2018-08-25T16:50:37Z">
          <params>
            <param index="0">
              <value>
                <![CDATA[chrome]]>
              </value>
            </param>
          </params>
          <reporter-output>
          </reporter-output>
        </test-method> <!-- InvokeBroswer -->
        <test-method status="PASS" signature="StoreFlow()[pri:0, instance:com.ManChesterUnitedKingdom.TestClass.StorePageClass@1060b431]" name="StoreFlow" duration-ms="4216" started-at="2018-08-25T16:50:38Z" finished-at="2018-08-25T16:50:42Z">
          <reporter-output>
          </reporter-output>
        </test-method> <!-- StoreFlow -->
        <test-method status="PASS" signature="MenModule()[pri:1, instance:com.ManChesterUnitedKingdom.TestClass.StorePageClass@1060b431]" name="MenModule" duration-ms="18912" started-at="2018-08-25T16:50:42Z" finished-at="2018-08-25T16:51:01Z">
          <reporter-output>
          </reporter-output>
        </test-method> <!-- MenModule -->
        <test-method status="PASS" signature="CloseBroswer()[pri:0, instance:com.ManChesterUnitedKingdom.TestClass.StorePageClass@1060b431]" name="CloseBroswer" is-config="true" duration-ms="4117" started-at="2018-08-25T16:51:01Z" finished-at="2018-08-25T16:51:05Z">
          <reporter-output>
          </reporter-output>
        </test-method> <!-- CloseBroswer -->
        <test-method status="PASS" signature="GeneratingExtentReport()[pri:0, instance:com.ManChesterUnitedKingdom.TestClass.StorePageClass@1060b431]" name="GeneratingExtentReport" is-config="true" duration-ms="3" started-at="2018-08-25T16:51:05Z" finished-at="2018-08-25T16:51:05Z">
          <reporter-output>
          </reporter-output>
        </test-method> <!-- GeneratingExtentReport -->
      </class> <!-- com.ManChesterUnitedKingdom.TestClass.StorePageClass -->
    </test> <!-- Test -->
  </suite> <!-- Suite -->
</testng-results>
