<?xml version="1.0" encoding="UTF-8"?>
<!-- Generated by org.testng.reporters.JUnitXMLReporter -->
<testsuite hostname="Rahul07" ignored="0" name="SignUpPage Test" tests="2" failures="0" timestamp="24 Jul 2018 13:49:49 GMT" time="102.037" errors="0">
  <testcase name="YopmailIDCreation" time="30.466" classname="com.ManChesterUnitedKingdom.TestClass.SignUpPageClass"/>
  <testcase name="ManchesterUnitedKingdomegister" time="25.265" classname="com.ManChesterUnitedKingdom.TestClass.SignUpPageClass"/>
</testsuite> <!-- SignUpPage Test -->
