<?xml version="1.0" encoding="UTF-8"?>
<!-- Generated by org.testng.reporters.JUnitReportReporter -->
<testsuite skipped="1" hostname="DS-2111AA680738" name="com.ManChesterUnitedKingdom.TestClass.LanguageDropdownHomePageClass" tests="4" failures="0" timestamp="24 Aug 2018 14:27:30 GMT" time="38.032" errors="0">
  <testcase name="HovringToLanguage" time="9.994" classname="com.ManChesterUnitedKingdom.TestClass.LanguageDropdownHomePageClass"/>
  <testcase name="SkippingDemoMethod" time="0.225" classname="com.ManChesterUnitedKingdom.TestClass.LanguageDropdownHomePageClass">
    <skipped/>
  </testcase> <!-- SkippingDemoMethod -->
  <testcase name="Language_Collection" time="0.768" classname="com.ManChesterUnitedKingdom.TestClass.LanguageDropdownHomePageClass"/>
  <testcase name="ClickingOnESPAÑOL" time="27.045" classname="com.ManChesterUnitedKingdom.TestClass.LanguageDropdownHomePageClass"/>
</testsuite> <!-- com.ManChesterUnitedKingdom.TestClass.LanguageDropdownHomePageClass -->
