<?xml version="1.0" encoding="UTF-8"?>
<!-- Generated by org.testng.reporters.JUnitXMLReporter -->
<testsuite hostname="DS-2111AA680738" ignored="0" name="Fixture" tests="5" failures="1" timestamp="11 Aug 2018 17:11:23 GMT" time="145.452" errors="0">
  <testcase name="FixtureLinkModule" time="34.784" classname="com.ManChesterUnitedKingdom.TestClass.FixturesPageClass"/>
  <testcase name="CalenderForm" time="13.929" classname="com.ManChesterUnitedKingdom.TestClass.FixturesPageClass"/>
  <testcase name="Verification_Google_Calender_title" time="32.107" classname="com.ManChesterUnitedKingdom.TestClass.FixturesPageClass"/>
  <testcase name="FailingModule" time="0.005" classname="com.ManChesterUnitedKingdom.TestClass.FixturesPageClass">
    <failure type="java.lang.AssertionError" message="expected [true] but found [false]">
      <![CDATA[java.lang.AssertionError: expected [true] but found [false]
at com.ManChesterUnitedKingdom.TestClass.FixturesPageClass.FailingModule(FixturesPageClass.java:123)
... Removed 32 stack frames]]>
    </failure>
  </testcase> <!-- FailingModule -->
  <testcase name="SkippingModule" time="0.006" classname="com.ManChesterUnitedKingdom.TestClass.FixturesPageClass"/>
</testsuite> <!-- Fixture -->
